<?xml version="1.0" encoding="UTF-8"?>
<testng-results total="1" passed="1" failed="0" skipped="0">
  <reporter-output>
  </reporter-output>
  <suite started-at="2023-09-09T20:24:29Z" name="Default suite" finished-at="2023-09-09T20:24:31Z" duration-ms="1612">
    <groups>
    </groups>
    <test started-at="2023-09-09T20:24:29Z" name="Default test" finished-at="2023-09-09T20:24:31Z" duration-ms="1612">
      <class name="com.locator_practice.DropdownWindowExample">
        <test-method is-config="true" signature="openUrl()[pri:0, instance:com.locator_practice.DropdownWindowExample@5ef5c734]" started-at="2023-09-09T16:24:22Z" name="openUrl" finished-at="2023-09-09T16:24:29Z" duration-ms="7637" status="PASS">
          <reporter-output>
          </reporter-output>
        </test-method> <!-- openUrl -->
        <test-method signature="selectdropdown()[pri:0, instance:com.locator_practice.DropdownWindowExample@5ef5c734]" started-at="2023-09-09T16:24:29Z" name="selectdropdown" finished-at="2023-09-09T16:24:31Z" duration-ms="1591" status="PASS">
          <reporter-output>
          </reporter-output>
        </test-method> <!-- selectdropdown -->
      </class> <!-- com.locator_practice.DropdownWindowExample -->
    </test> <!-- Default test -->
  </suite> <!-- Default suite -->
</testng-results>
